<?xml version="1.0" encoding="UTF-8"?>
<testsuite name="FlashcardsTest" tests="1" skipped="0" failures="0" errors="0" timestamp="2020-04-30T10:09:46" hostname="Mike-PC" time="0.065">
  <properties/>
  <testcase name="start" classname="FlashcardsTest" time="0.065"/>
  <system-out><![CDATA[?[1;31m
Start test 1?[0m
> a purring animal
> cat
> cat
Your answer is right!
?[1;31m
Start test 2?[0m
> a purring animal
> cat
> ????
Your answer is wrong...
?[1;31m
Start test 3?[0m
> a barking animal
> dog
> cat
Your answer is wrong...
?[1;31m
Start test 4?[0m
> a barking animal
> dog
> dog
Your answer is right!
]]></system-out>
  <system-err><![CDATA[]]></system-err>
</testsuite>
